# JRE version: Java(TM) SE Runtime Environment (8.0_251-b08) (build 1.8.0_251-b08)
# Java VM: Java HotSpot(TM) 64-Bit Server VM (25.251-b08 mixed mode windows-amd64 compressed oops)
Heap:
 PSYoungGen      total 68096K, used 29628K [0x00000000eb380000, 0x00000000f4280000, 0x0000000100000000)
  eden space 65536K, 45% used [0x00000000eb380000,0x00000000ed06f228,0x00000000ef380000)
  from space 2560K, 0% used [0x00000000ef380000,0x00000000ef380000,0x00000000ef600000)
  to   space 7680K, 0% used [0x00000000f3b00000,0x00000000f3b00000,0x00000000f4280000)
 ParOldGen       total 33792K, used 7058K [0x00000000c1a00000, 0x00000000c3b00000, 0x00000000eb380000)
  object space 33792K, 20% used [0x00000000c1a00000,0x00000000c20e4b20,0x00000000c3b00000)
 Metaspace       used 22497K, capacity 23162K, committed 23424K, reserved 1069056K
  class space    used 2921K, capacity 3114K, committed 3200K, reserved 1048576K
GC Heap History (10 events):
Event: 19.499 GC heap before
{Heap before GC invocations=2 (full 0):
 PSYoungGen      total 18944K, used 18920K [0x00000000eb380000, 0x00000000ed880000, 0x0000000100000000)
  eden space 16384K, 100% used [0x00000000eb380000,0x00000000ec380000,0x00000000ec380000)
  from space 2560K, 99% used [0x00000000ec380000,0x00000000ec5fa030,0x00000000ec600000)
  to   space 2560K, 0% used [0x00000000ed600000,0x00000000ed600000,0x00000000ed880000)
 ParOldGen       total 44032K, used 687K [0x00000000c1a00000, 0x00000000c4500000, 0x00000000eb380000)
  object space 44032K, 1% used [0x00000000c1a00000,0x00000000c1aabe40,0x00000000c4500000)
 Metaspace       used 10225K, capacity 10476K, committed 10624K, reserved 1058816K
  class space    used 1235K, capacity 1340K, committed 1408K, reserved 1048576K
Event: 19.518 GC heap after
Heap after GC invocations=2 (full 0):
 PSYoungGen      total 35328K, used 2544K [0x00000000eb380000, 0x00000000ed880000, 0x0000000100000000)
  eden space 32768K, 0% used [0x00000000eb380000,0x00000000eb380000,0x00000000ed380000)
  from space 2560K, 99% used [0x00000000ed600000,0x00000000ed87c010,0x00000000ed880000)
  to   space 2560K, 0% used [0x00000000ed380000,0x00000000ed380000,0x00000000ed600000)
 ParOldGen       total 44032K, used 1956K [0x00000000c1a00000, 0x00000000c4500000, 0x00000000eb380000)
  object space 44032K, 4% used [0x00000000c1a00000,0x00000000c1be9278,0x00000000c4500000)
 Metaspace       used 10225K, capacity 10476K, committed 10624K, reserved 1058816K
  class space    used 1235K, capacity 1340K, committed 1408K, reserved 1048576K
}
Event: 21.179 GC heap before
{Heap before GC invocations=3 (full 0):
 PSYoungGen      total 35328K, used 35312K [0x00000000eb380000, 0x00000000ed880000, 0x0000000100000000)
  eden space 32768K, 100% used [0x00000000eb380000,0x00000000ed380000,0x00000000ed380000)
  from space 2560K, 99% used [0x00000000ed600000,0x00000000ed87c010,0x00000000ed880000)
  to   space 2560K, 0% used [0x00000000ed380000,0x00000000ed380000,0x00000000ed600000)
 ParOldGen       total 44032K, used 1956K [0x00000000c1a00000, 0x00000000c4500000, 0x00000000eb380000)
  object space 44032K, 4% used [0x00000000c1a00000,0x00000000c1be9278,0x00000000c4500000)
 Metaspace       used 13345K, capacity 13758K, committed 14080K, reserved 1060864K
  class space    used 1793K, capacity 1940K, committed 2048K, reserved 1048576K
Event: 21.203 GC heap after
Heap after GC invocations=3 (full 0):
 PSYoungGen      total 35328K, used 2544K [0x00000000eb380000, 0x00000000ef880000, 0x0000000100000000)
  eden space 32768K, 0% used [0x00000000eb380000,0x00000000eb380000,0x00000000ed380000)
  from space 2560K, 99% used [0x00000000ed380000,0x00000000ed5fc010,0x00000000ed600000)
  to   space 2560K, 0% used [0x00000000ef600000,0x00000000ef600000,0x00000000ef880000)
 ParOldGen       total 44032K, used 4886K [0x00000000c1a00000, 0x00000000c4500000, 0x00000000eb380000)
  object space 44032K, 11% used [0x00000000c1a00000,0x00000000c1ec5a60,0x00000000c4500000)
 Metaspace       used 13345K, capacity 13758K, committed 14080K, reserved 1060864K
  class space    used 1793K, capacity 1940K, committed 2048K, reserved 1048576K
}
Event: 22.867 GC heap before
{Heap before GC invocations=4 (full 0):
 PSYoungGen      total 35328K, used 35312K [0x00000000eb380000, 0x00000000ef880000, 0x0000000100000000)
  eden space 32768K, 100% used [0x00000000eb380000,0x00000000ed380000,0x00000000ed380000)
  from space 2560K, 99% used [0x00000000ed380000,0x00000000ed5fc010,0x00000000ed600000)
  to   space 2560K, 0% used [0x00000000ef600000,0x00000000ef600000,0x00000000ef880000)
 ParOldGen       total 44032K, used 4886K [0x00000000c1a00000, 0x00000000c4500000, 0x00000000eb380000)
  object space 44032K, 11% used [0x00000000c1a00000,0x00000000c1ec5a60,0x00000000c4500000)
 Metaspace       used 17749K, capacity 18334K, committed 18688K, reserved 1064960K
  class space    used 2321K, capacity 2476K, committed 2560K, reserved 1048576K
Event: 22.967 GC heap after
Heap after GC invocations=4 (full 0):
 PSYoungGen      total 68096K, used 2528K [0x00000000eb380000, 0x00000000ef880000, 0x0000000100000000)
  eden space 65536K, 0% used [0x00000000eb380000,0x00000000eb380000,0x00000000ef380000)
  from space 2560K, 98% used [0x00000000ef600000,0x00000000ef878020,0x00000000ef880000)
  to   space 2560K, 0% used [0x00000000ef380000,0x00000000ef380000,0x00000000ef600000)
 ParOldGen       total 44032K, used 9374K [0x00000000c1a00000, 0x00000000c4500000, 0x00000000eb380000)
  object space 44032K, 21% used [0x00000000c1a00000,0x00000000c2327bc0,0x00000000c4500000)
 Metaspace       used 17749K, capacity 18334K, committed 18688K, reserved 1064960K
  class space    used 2321K, capacity 2476K, committed 2560K, reserved 1048576K
}
Event: 27.254 GC heap before
{Heap before GC invocations=5 (full 0):
 PSYoungGen      total 68096K, used 21288K [0x00000000eb380000, 0x00000000ef880000, 0x0000000100000000)
  eden space 65536K, 28% used [0x00000000eb380000,0x00000000ec5d23b8,0x00000000ef380000)
  from space 2560K, 98% used [0x00000000ef600000,0x00000000ef878020,0x00000000ef880000)
  to   space 2560K, 0% used [0x00000000ef380000,0x00000000ef380000,0x00000000ef600000)
 ParOldGen       total 44032K, used 9374K [0x00000000c1a00000, 0x00000000c4500000, 0x00000000eb380000)
  object space 44032K, 21% used [0x00000000c1a00000,0x00000000c2327bc0,0x00000000c4500000)
 Metaspace       used 20640K, capacity 21200K, committed 21296K, reserved 1067008K
  class space    used 2712K, capacity 2869K, committed 2944K, reserved 1048576K
Event: 27.307 GC heap after
Heap after GC invocations=5 (full 0):
 PSYoungGen      total 68096K, used 2544K [0x00000000eb380000, 0x00000000f4280000, 0x0000000100000000)
  eden space 65536K, 0% used [0x00000000eb380000,0x00000000eb380000,0x00000000ef380000)
  from space 2560K, 99% used [0x00000000ef380000,0x00000000ef5fc030,0x00000000ef600000)
  to   space 7680K, 0% used [0x00000000f3b00000,0x00000000f3b00000,0x00000000f4280000)
 ParOldGen       total 44032K, used 11823K [0x00000000c1a00000, 0x00000000c4500000, 0x00000000eb380000)
  object space 44032K, 26% used [0x00000000c1a00000,0x00000000c258bd20,0x00000000c4500000)
 Metaspace       used 20640K, capacity 21200K, committed 21296K, reserved 1067008K
  class space    used 2712K, capacity 2869K, committed 2944K, reserved 1048576K
}
Event: 27.307 GC heap before
{Heap before GC invocations=6 (full 1):
 PSYoungGen      total 68096K, used 2544K [0x00000000eb380000, 0x00000000f4280000, 0x0000000100000000)
  eden space 65536K, 0% used [0x00000000eb380000,0x00000000eb380000,0x00000000ef380000)
  from space 2560K, 99% used [0x00000000ef380000,0x00000000ef5fc030,0x00000000ef600000)
  to   space 7680K, 0% used [0x00000000f3b00000,0x00000000f3b00000,0x00000000f4280000)
 ParOldGen       total 44032K, used 11823K [0x00000000c1a00000, 0x00000000c4500000, 0x00000000eb380000)
  object space 44032K, 26% used [0x00000000c1a00000,0x00000000c258bd20,0x00000000c4500000)
 Metaspace       used 20640K, capacity 21200K, committed 21296K, reserved 1067008K
  class space    used 2712K, capacity 2869K, committed 2944K, reserved 1048576K
Event: 27.582 GC heap after
Heap after GC invocations=6 (full 1):
 PSYoungGen      total 68096K, used 0K [0x00000000eb380000, 0x00000000f4280000, 0x0000000100000000)
  eden space 65536K, 0% used [0x00000000eb380000,0x00000000eb380000,0x00000000ef380000)
  from space 2560K, 0% used [0x00000000ef380000,0x00000000ef380000,0x00000000ef600000)
  to   space 7680K, 0% used [0x00000000f3b00000,0x00000000f3b00000,0x00000000f4280000)
 ParOldGen       total 33792K, used 7058K [0x00000000c1a00000, 0x00000000c3b00000, 0x00000000eb380000)
  object space 33792K, 20% used [0x00000000c1a00000,0x00000000c20e4b20,0x00000000c3b00000)
 Metaspace       used 20638K, capacity 21194K, committed 21296K, reserved 1067008K
  class space    used 2712K, capacity 2868K, committed 2944K, reserved 1048576K
}

